0 info it worked if it ends with ok
1 verbose cli [ 'node',
1 verbose cli   '/usr/local/bin/npm',
1 verbose cli   '-g',
1 verbose cli   'install',
1 verbose cli   'ios-sim',
1 verbose cli   'ios-deploy' ]
2 info using npm@3.3.4
3 info using node@v0.12.7
4 silly loadCurrentTree Starting
5 silly install loadCurrentTree
6 silly install readGlobalPackageData
7 silly fetchPackageMetaData ios-sim
8 silly fetchPackageMetaData ios-deploy
9 silly fetchNamedPackageData ios-sim
10 silly mapToRegistry name ios-sim
11 silly mapToRegistry using default registry
12 silly mapToRegistry registry https://registry.npmjs.org/
13 silly mapToRegistry uri https://registry.npmjs.org/ios-sim
14 silly fetchNamedPackageData ios-deploy
15 silly mapToRegistry name ios-deploy
16 silly mapToRegistry using default registry
17 silly mapToRegistry registry https://registry.npmjs.org/
18 silly mapToRegistry uri https://registry.npmjs.org/ios-deploy
19 verbose request uri https://registry.npmjs.org/ios-sim
20 verbose request no auth needed
21 info attempt registry request try #1 at 12:38:30 PM
22 verbose request id 2bb75ca67f4db8ee
23 verbose etag "7MK0V7NOZT35VUEO5ET8MSDNV"
24 http request GET https://registry.npmjs.org/ios-sim
25 verbose request uri https://registry.npmjs.org/ios-deploy
26 verbose request no auth needed
27 info attempt registry request try #1 at 12:38:30 PM
28 verbose etag "BEW881I38BM5U9LQ4MJ64XZRQ"
29 http request GET https://registry.npmjs.org/ios-deploy
30 http 304 https://registry.npmjs.org/ios-deploy
31 verbose headers { date: 'Sun, 29 Nov 2015 17:38:31 GMT',
31 verbose headers   via: '1.1 varnish',
31 verbose headers   'cache-control': 'max-age=60',
31 verbose headers   etag: '"BEW881I38BM5U9LQ4MJ64XZRQ"',
31 verbose headers   age: '13',
31 verbose headers   connection: 'keep-alive',
31 verbose headers   'x-served-by': 'cache-jfk1022-JFK',
31 verbose headers   'x-cache': 'HIT',
31 verbose headers   'x-cache-hits': '2',
31 verbose headers   'x-timer': 'S1448818711.307844,VS0,VE0',
31 verbose headers   vary: 'Accept' }
32 silly get cb [ 304,
32 silly get   { date: 'Sun, 29 Nov 2015 17:38:31 GMT',
32 silly get     via: '1.1 varnish',
32 silly get     'cache-control': 'max-age=60',
32 silly get     etag: '"BEW881I38BM5U9LQ4MJ64XZRQ"',
32 silly get     age: '13',
32 silly get     connection: 'keep-alive',
32 silly get     'x-served-by': 'cache-jfk1022-JFK',
32 silly get     'x-cache': 'HIT',
32 silly get     'x-cache-hits': '2',
32 silly get     'x-timer': 'S1448818711.307844,VS0,VE0',
32 silly get     vary: 'Accept' } ]
33 verbose etag https://registry.npmjs.org/ios-deploy from cache
34 verbose get saving ios-deploy to /Users/sbastidasr/.npm/registry.npmjs.org/ios-deploy/.cache.json
35 http 304 https://registry.npmjs.org/ios-sim
36 verbose headers { date: 'Sun, 29 Nov 2015 17:38:31 GMT',
36 verbose headers   via: '1.1 varnish',
36 verbose headers   'cache-control': 'max-age=60',
36 verbose headers   etag: '"7MK0V7NOZT35VUEO5ET8MSDNV"',
36 verbose headers   age: '13',
36 verbose headers   connection: 'keep-alive',
36 verbose headers   'x-served-by': 'cache-jfk1032-JFK',
36 verbose headers   'x-cache': 'HIT',
36 verbose headers   'x-cache-hits': '1',
36 verbose headers   'x-timer': 'S1448818711.308320,VS0,VE0',
36 verbose headers   vary: 'Accept' }
37 silly get cb [ 304,
37 silly get   { date: 'Sun, 29 Nov 2015 17:38:31 GMT',
37 silly get     via: '1.1 varnish',
37 silly get     'cache-control': 'max-age=60',
37 silly get     etag: '"7MK0V7NOZT35VUEO5ET8MSDNV"',
37 silly get     age: '13',
37 silly get     connection: 'keep-alive',
37 silly get     'x-served-by': 'cache-jfk1032-JFK',
37 silly get     'x-cache': 'HIT',
37 silly get     'x-cache-hits': '1',
37 silly get     'x-timer': 'S1448818711.308320,VS0,VE0',
37 silly get     vary: 'Accept' } ]
38 verbose etag https://registry.npmjs.org/ios-sim from cache
39 verbose get saving ios-sim to /Users/sbastidasr/.npm/registry.npmjs.org/ios-sim/.cache.json
40 silly install normalizeTree
41 silly loadCurrentTree Finishing
42 silly loadIdealTree Starting
43 silly install loadIdealTree
44 silly cloneCurrentTree Starting
45 silly install cloneCurrentTreeToIdealTree
46 silly cloneCurrentTree Finishing
47 silly loadShrinkwrap Starting
48 silly install loadShrinkwrap
49 silly loadShrinkwrap Finishing
50 silly loadAllDepsIntoIdealTree Starting
51 silly install loadAllDepsIntoIdealTree
52 silly resolveWithNewModule ios-deploy@1.8.3 checking installable status
53 silly cache add args [ 'ios-deploy', null ]
54 verbose cache add spec ios-deploy
55 silly resolveWithNewModule ios-sim@5.0.4 checking installable status
56 silly cache add args [ 'ios-sim', null ]
57 verbose cache add spec ios-sim
58 silly cache add parsed spec { raw: 'ios-deploy',
58 silly cache add   scope: null,
58 silly cache add   name: 'ios-deploy',
58 silly cache add   rawSpec: '',
58 silly cache add   spec: '*',
58 silly cache add   type: 'range' }
59 silly addNamed ios-deploy@*
60 verbose addNamed "*" is a valid semver range for ios-deploy
61 silly addNameRange { name: 'ios-deploy', range: '*', hasData: false }
62 silly mapToRegistry name ios-deploy
63 silly mapToRegistry using default registry
64 silly mapToRegistry registry https://registry.npmjs.org/
65 silly mapToRegistry uri https://registry.npmjs.org/ios-deploy
66 verbose addNameRange registry:https://registry.npmjs.org/ios-deploy not in flight; fetching
67 silly cache add parsed spec { raw: 'ios-sim',
67 silly cache add   scope: null,
67 silly cache add   name: 'ios-sim',
67 silly cache add   rawSpec: '',
67 silly cache add   spec: '*',
67 silly cache add   type: 'range' }
68 silly addNamed ios-sim@*
69 verbose addNamed "*" is a valid semver range for ios-sim
70 silly addNameRange { name: 'ios-sim', range: '*', hasData: false }
71 silly mapToRegistry name ios-sim
72 silly mapToRegistry using default registry
73 silly mapToRegistry registry https://registry.npmjs.org/
74 silly mapToRegistry uri https://registry.npmjs.org/ios-sim
75 verbose addNameRange registry:https://registry.npmjs.org/ios-sim not in flight; fetching
76 verbose get https://registry.npmjs.org/ios-deploy not expired, no request
77 silly addNameRange number 2 { name: 'ios-deploy', range: '*', hasData: true }
78 silly addNameRange versions [ 'ios-deploy',
78 silly addNameRange   [ '1.0.1',
78 silly addNameRange     '1.0.2',
78 silly addNameRange     '1.0.3',
78 silly addNameRange     '1.0.4',
78 silly addNameRange     '1.0.5',
78 silly addNameRange     '1.0.6',
78 silly addNameRange     '1.0.7',
78 silly addNameRange     '1.0.8',
78 silly addNameRange     '1.0.9',
78 silly addNameRange     '1.1.0',
78 silly addNameRange     '1.2.0',
78 silly addNameRange     '1.3.0',
78 silly addNameRange     '1.3.1',
78 silly addNameRange     '1.3.2',
78 silly addNameRange     '1.4.0',
78 silly addNameRange     '1.5.0',
78 silly addNameRange     '1.6.0',
78 silly addNameRange     '1.6.1',
78 silly addNameRange     '1.6.2',
78 silly addNameRange     '1.6.3',
78 silly addNameRange     '1.7.0',
78 silly addNameRange     '1.8.0',
78 silly addNameRange     '1.8.1',
78 silly addNameRange     '1.8.2',
78 silly addNameRange     '1.8.3' ] ]
79 silly addNamed ios-deploy@1.8.3
80 verbose addNamed "1.8.3" is a plain semver version for ios-deploy
81 verbose get https://registry.npmjs.org/ios-sim not expired, no request
82 silly addNameRange number 2 { name: 'ios-sim', range: '*', hasData: true }
83 silly addNameRange versions [ 'ios-sim',
83 silly addNameRange   [ '1.8.0',
83 silly addNameRange     '1.8.1',
83 silly addNameRange     '1.8.2',
83 silly addNameRange     '1.9.0',
83 silly addNameRange     '2.0.0',
83 silly addNameRange     '2.0.1',
83 silly addNameRange     '3.0.0',
83 silly addNameRange     '3.1.0',
83 silly addNameRange     '3.1.1',
83 silly addNameRange     '4.1.0',
83 silly addNameRange     '4.1.1',
83 silly addNameRange     '3.2.0',
83 silly addNameRange     '5.0.0',
83 silly addNameRange     '5.0.1',
83 silly addNameRange     '5.0.2',
83 silly addNameRange     '5.0.3',
83 silly addNameRange     '5.0.4' ] ]
84 silly addNamed ios-sim@5.0.4
85 verbose addNamed "5.0.4" is a plain semver version for ios-sim
86 silly cache afterAdd ios-deploy@1.8.3
87 verbose afterAdd /Users/sbastidasr/.npm/ios-deploy/1.8.3/package/package.json not in flight; writing
88 silly cache afterAdd ios-sim@5.0.4
89 verbose afterAdd /Users/sbastidasr/.npm/ios-sim/5.0.4/package/package.json not in flight; writing
90 verbose afterAdd /Users/sbastidasr/.npm/ios-deploy/1.8.3/package/package.json written
91 verbose afterAdd /Users/sbastidasr/.npm/ios-sim/5.0.4/package/package.json written
92 silly fetchNamedPackageData simctl
93 silly mapToRegistry name simctl
94 silly mapToRegistry using default registry
95 silly mapToRegistry registry https://registry.npmjs.org/
96 silly mapToRegistry uri https://registry.npmjs.org/simctl
97 silly fetchNamedPackageData nopt
98 silly mapToRegistry name nopt
99 silly mapToRegistry using default registry
100 silly mapToRegistry registry https://registry.npmjs.org/
101 silly mapToRegistry uri https://registry.npmjs.org/nopt
102 silly fetchNamedPackageData bplist-parser
103 silly mapToRegistry name bplist-parser
104 silly mapToRegistry using default registry
105 silly mapToRegistry registry https://registry.npmjs.org/
106 silly mapToRegistry uri https://registry.npmjs.org/bplist-parser
107 verbose request uri https://registry.npmjs.org/nopt
108 verbose request no auth needed
109 info attempt registry request try #1 at 12:38:31 PM
110 verbose etag "5EF1QGW6L8ZEE22W4CM5Q7TQY"
111 http request GET https://registry.npmjs.org/nopt
112 verbose request uri https://registry.npmjs.org/bplist-parser
113 verbose request no auth needed
114 info attempt registry request try #1 at 12:38:31 PM
115 verbose etag "AGWSPFCRLNGDFFNZ3XI793Q8Q"
116 http request GET https://registry.npmjs.org/bplist-parser
117 verbose request uri https://registry.npmjs.org/simctl
118 verbose request no auth needed
119 info attempt registry request try #1 at 12:38:31 PM
120 verbose etag "7W9GTCN8585FSOB6EZJ3DC7RR"
121 http request GET https://registry.npmjs.org/simctl
122 http 304 https://registry.npmjs.org/nopt
123 verbose headers { date: 'Sun, 29 Nov 2015 17:38:32 GMT',
123 verbose headers   via: '1.1 varnish',
123 verbose headers   'cache-control': 'max-age=60',
123 verbose headers   etag: '"5EF1QGW6L8ZEE22W4CM5Q7TQY"',
123 verbose headers   age: '13',
123 verbose headers   connection: 'keep-alive',
123 verbose headers   'x-served-by': 'cache-jfk1035-JFK',
123 verbose headers   'x-cache': 'HIT',
123 verbose headers   'x-cache-hits': '45',
123 verbose headers   'x-timer': 'S1448818712.001351,VS0,VE0',
123 verbose headers   vary: 'Accept' }
124 silly get cb [ 304,
124 silly get   { date: 'Sun, 29 Nov 2015 17:38:32 GMT',
124 silly get     via: '1.1 varnish',
124 silly get     'cache-control': 'max-age=60',
124 silly get     etag: '"5EF1QGW6L8ZEE22W4CM5Q7TQY"',
124 silly get     age: '13',
124 silly get     connection: 'keep-alive',
124 silly get     'x-served-by': 'cache-jfk1035-JFK',
124 silly get     'x-cache': 'HIT',
124 silly get     'x-cache-hits': '45',
124 silly get     'x-timer': 'S1448818712.001351,VS0,VE0',
124 silly get     vary: 'Accept' } ]
125 verbose etag https://registry.npmjs.org/nopt from cache
126 verbose get saving nopt to /Users/sbastidasr/.npm/registry.npmjs.org/nopt/.cache.json
127 http 304 https://registry.npmjs.org/bplist-parser
128 verbose headers { date: 'Sun, 29 Nov 2015 17:38:32 GMT',
128 verbose headers   via: '1.1 varnish',
128 verbose headers   'cache-control': 'max-age=60',
128 verbose headers   etag: '"AGWSPFCRLNGDFFNZ3XI793Q8Q"',
128 verbose headers   age: '13',
128 verbose headers   connection: 'keep-alive',
128 verbose headers   'x-served-by': 'cache-jfk1022-JFK',
128 verbose headers   'x-cache': 'HIT',
128 verbose headers   'x-cache-hits': '1',
128 verbose headers   'x-timer': 'S1448818712.004009,VS0,VE0',
128 verbose headers   vary: 'Accept' }
129 silly get cb [ 304,
129 silly get   { date: 'Sun, 29 Nov 2015 17:38:32 GMT',
129 silly get     via: '1.1 varnish',
129 silly get     'cache-control': 'max-age=60',
129 silly get     etag: '"AGWSPFCRLNGDFFNZ3XI793Q8Q"',
129 silly get     age: '13',
129 silly get     connection: 'keep-alive',
129 silly get     'x-served-by': 'cache-jfk1022-JFK',
129 silly get     'x-cache': 'HIT',
129 silly get     'x-cache-hits': '1',
129 silly get     'x-timer': 'S1448818712.004009,VS0,VE0',
129 silly get     vary: 'Accept' } ]
130 verbose etag https://registry.npmjs.org/bplist-parser from cache
131 verbose get saving bplist-parser to /Users/sbastidasr/.npm/registry.npmjs.org/bplist-parser/.cache.json
132 http 304 https://registry.npmjs.org/simctl
133 verbose headers { date: 'Sun, 29 Nov 2015 17:38:32 GMT',
133 verbose headers   via: '1.1 varnish',
133 verbose headers   'cache-control': 'max-age=60',
133 verbose headers   etag: '"7W9GTCN8585FSOB6EZJ3DC7RR"',
133 verbose headers   age: '13',
133 verbose headers   connection: 'keep-alive',
133 verbose headers   'x-served-by': 'cache-jfk1022-JFK',
133 verbose headers   'x-cache': 'HIT',
133 verbose headers   'x-cache-hits': '1',
133 verbose headers   'x-timer': 'S1448818712.004536,VS0,VE3',
133 verbose headers   vary: 'Accept' }
134 silly get cb [ 304,
134 silly get   { date: 'Sun, 29 Nov 2015 17:38:32 GMT',
134 silly get     via: '1.1 varnish',
134 silly get     'cache-control': 'max-age=60',
134 silly get     etag: '"7W9GTCN8585FSOB6EZJ3DC7RR"',
134 silly get     age: '13',
134 silly get     connection: 'keep-alive',
134 silly get     'x-served-by': 'cache-jfk1022-JFK',
134 silly get     'x-cache': 'HIT',
134 silly get     'x-cache-hits': '1',
134 silly get     'x-timer': 'S1448818712.004536,VS0,VE3',
134 silly get     vary: 'Accept' } ]
135 verbose etag https://registry.npmjs.org/simctl from cache
136 verbose get saving simctl to /Users/sbastidasr/.npm/registry.npmjs.org/simctl/.cache.json
137 silly resolveWithNewModule bplist-parser@0.0.6 checking installable status
138 silly cache add args [ 'bplist-parser@^0.0.6', null ]
139 verbose cache add spec bplist-parser@^0.0.6
140 silly cache add parsed spec { raw: 'bplist-parser@^0.0.6',
140 silly cache add   scope: null,
140 silly cache add   name: 'bplist-parser',
140 silly cache add   rawSpec: '^0.0.6',
140 silly cache add   spec: '>=0.0.6 <0.0.7',
140 silly cache add   type: 'range' }
141 silly addNamed bplist-parser@>=0.0.6 <0.0.7
142 verbose addNamed ">=0.0.6 <0.0.7" is a valid semver range for bplist-parser
143 silly addNameRange { name: 'bplist-parser',
143 silly addNameRange   range: '>=0.0.6 <0.0.7',
143 silly addNameRange   hasData: false }
144 silly mapToRegistry name bplist-parser
145 silly mapToRegistry using default registry
146 silly mapToRegistry registry https://registry.npmjs.org/
147 silly mapToRegistry uri https://registry.npmjs.org/bplist-parser
148 verbose addNameRange registry:https://registry.npmjs.org/bplist-parser not in flight; fetching
149 silly resolveWithNewModule nopt@1.0.9 checking installable status
150 silly cache add args [ 'nopt@1.0.9', null ]
151 verbose cache add spec nopt@1.0.9
152 silly cache add parsed spec { raw: 'nopt@1.0.9',
152 silly cache add   scope: null,
152 silly cache add   name: 'nopt',
152 silly cache add   rawSpec: '1.0.9',
152 silly cache add   spec: '1.0.9',
152 silly cache add   type: 'version' }
153 silly addNamed nopt@1.0.9
154 verbose addNamed "1.0.9" is a plain semver version for nopt
155 silly mapToRegistry name nopt
156 silly mapToRegistry using default registry
157 silly mapToRegistry registry https://registry.npmjs.org/
158 silly mapToRegistry uri https://registry.npmjs.org/nopt
159 verbose addNameVersion registry:https://registry.npmjs.org/nopt not in flight; fetching
160 verbose get https://registry.npmjs.org/bplist-parser not expired, no request
161 silly addNameRange number 2 { name: 'bplist-parser', range: '>=0.0.6 <0.0.7', hasData: true }
162 silly addNameRange versions [ 'bplist-parser',
162 silly addNameRange   [ '0.0.1',
162 silly addNameRange     '0.0.2',
162 silly addNameRange     '0.0.3',
162 silly addNameRange     '0.0.4',
162 silly addNameRange     '0.0.5',
162 silly addNameRange     '0.0.6',
162 silly addNameRange     '0.1.0',
162 silly addNameRange     '0.1.1' ] ]
163 silly addNamed bplist-parser@0.0.6
164 verbose addNamed "0.0.6" is a plain semver version for bplist-parser
165 verbose get https://registry.npmjs.org/nopt not expired, no request
166 silly resolveWithNewModule simctl@0.0.6 checking installable status
167 silly cache add args [ 'simctl@^0.0.6', null ]
168 verbose cache add spec simctl@^0.0.6
169 silly cache add parsed spec { raw: 'simctl@^0.0.6',
169 silly cache add   scope: null,
169 silly cache add   name: 'simctl',
169 silly cache add   rawSpec: '^0.0.6',
169 silly cache add   spec: '>=0.0.6 <0.0.7',
169 silly cache add   type: 'range' }
170 silly addNamed simctl@>=0.0.6 <0.0.7
171 verbose addNamed ">=0.0.6 <0.0.7" is a valid semver range for simctl
172 silly addNameRange { name: 'simctl', range: '>=0.0.6 <0.0.7', hasData: false }
173 silly mapToRegistry name simctl
174 silly mapToRegistry using default registry
175 silly mapToRegistry registry https://registry.npmjs.org/
176 silly mapToRegistry uri https://registry.npmjs.org/simctl
177 verbose addNameRange registry:https://registry.npmjs.org/simctl not in flight; fetching
178 silly cache afterAdd bplist-parser@0.0.6
179 verbose afterAdd /Users/sbastidasr/.npm/bplist-parser/0.0.6/package/package.json not in flight; writing
180 silly cache afterAdd nopt@1.0.9
181 verbose afterAdd /Users/sbastidasr/.npm/nopt/1.0.9/package/package.json not in flight; writing
182 verbose get https://registry.npmjs.org/simctl not expired, no request
183 silly addNameRange number 2 { name: 'simctl', range: '>=0.0.6 <0.0.7', hasData: true }
184 silly addNameRange versions [ 'simctl', [ '0.0.1', '0.0.2', '0.0.3', '0.0.5', '0.0.6' ] ]
185 silly addNamed simctl@0.0.6
186 verbose addNamed "0.0.6" is a plain semver version for simctl
187 verbose afterAdd /Users/sbastidasr/.npm/nopt/1.0.9/package/package.json written
188 verbose afterAdd /Users/sbastidasr/.npm/bplist-parser/0.0.6/package/package.json written
189 silly cache afterAdd simctl@0.0.6
190 verbose afterAdd /Users/sbastidasr/.npm/simctl/0.0.6/package/package.json not in flight; writing
191 verbose afterAdd /Users/sbastidasr/.npm/simctl/0.0.6/package/package.json written
192 silly fetchNamedPackageData abbrev
193 silly mapToRegistry name abbrev
194 silly mapToRegistry using default registry
195 silly mapToRegistry registry https://registry.npmjs.org/
196 silly mapToRegistry uri https://registry.npmjs.org/abbrev
197 verbose request uri https://registry.npmjs.org/abbrev
198 verbose request no auth needed
199 info attempt registry request try #1 at 12:38:32 PM
200 verbose etag "5COR5F08LNF679JR9VE4E6VZW"
201 http request GET https://registry.npmjs.org/abbrev
202 http 304 https://registry.npmjs.org/abbrev
203 verbose headers { date: 'Sun, 29 Nov 2015 17:38:32 GMT',
203 verbose headers   via: '1.1 varnish',
203 verbose headers   'cache-control': 'max-age=60',
203 verbose headers   etag: '"5COR5F08LNF679JR9VE4E6VZW"',
203 verbose headers   age: '57',
203 verbose headers   connection: 'keep-alive',
203 verbose headers   'x-served-by': 'cache-jfk1033-JFK',
203 verbose headers   'x-cache': 'HIT',
203 verbose headers   'x-cache-hits': '2',
203 verbose headers   'x-timer': 'S1448818712.548883,VS0,VE0',
203 verbose headers   vary: 'Accept' }
204 silly get cb [ 304,
204 silly get   { date: 'Sun, 29 Nov 2015 17:38:32 GMT',
204 silly get     via: '1.1 varnish',
204 silly get     'cache-control': 'max-age=60',
204 silly get     etag: '"5COR5F08LNF679JR9VE4E6VZW"',
204 silly get     age: '57',
204 silly get     connection: 'keep-alive',
204 silly get     'x-served-by': 'cache-jfk1033-JFK',
204 silly get     'x-cache': 'HIT',
204 silly get     'x-cache-hits': '2',
204 silly get     'x-timer': 'S1448818712.548883,VS0,VE0',
204 silly get     vary: 'Accept' } ]
205 verbose etag https://registry.npmjs.org/abbrev from cache
206 verbose get saving abbrev to /Users/sbastidasr/.npm/registry.npmjs.org/abbrev/.cache.json
207 silly resolveWithNewModule abbrev@1.0.7 checking installable status
208 silly cache add args [ 'abbrev@1', null ]
209 verbose cache add spec abbrev@1
210 silly cache add parsed spec { raw: 'abbrev@1',
210 silly cache add   scope: null,
210 silly cache add   name: 'abbrev',
210 silly cache add   rawSpec: '1',
210 silly cache add   spec: '>=1.0.0 <2.0.0',
210 silly cache add   type: 'range' }
211 silly addNamed abbrev@>=1.0.0 <2.0.0
212 verbose addNamed ">=1.0.0 <2.0.0" is a valid semver range for abbrev
213 silly addNameRange { name: 'abbrev', range: '>=1.0.0 <2.0.0', hasData: false }
214 silly mapToRegistry name abbrev
215 silly mapToRegistry using default registry
216 silly mapToRegistry registry https://registry.npmjs.org/
217 silly mapToRegistry uri https://registry.npmjs.org/abbrev
218 verbose addNameRange registry:https://registry.npmjs.org/abbrev not in flight; fetching
219 verbose get https://registry.npmjs.org/abbrev not expired, no request
220 silly addNameRange number 2 { name: 'abbrev', range: '>=1.0.0 <2.0.0', hasData: true }
221 silly addNameRange versions [ 'abbrev', [ '1.0.3', '1.0.4', '1.0.5', '1.0.6', '1.0.7' ] ]
222 silly addNamed abbrev@1.0.7
223 verbose addNamed "1.0.7" is a plain semver version for abbrev
224 silly cache afterAdd abbrev@1.0.7
225 verbose afterAdd /Users/sbastidasr/.npm/abbrev/1.0.7/package/package.json not in flight; writing
226 verbose afterAdd /Users/sbastidasr/.npm/abbrev/1.0.7/package/package.json written
227 silly fetchNamedPackageData shelljs
228 silly mapToRegistry name shelljs
229 silly mapToRegistry using default registry
230 silly mapToRegistry registry https://registry.npmjs.org/
231 silly mapToRegistry uri https://registry.npmjs.org/shelljs
232 silly fetchNamedPackageData tail
233 silly mapToRegistry name tail
234 silly mapToRegistry using default registry
235 silly mapToRegistry registry https://registry.npmjs.org/
236 silly mapToRegistry uri https://registry.npmjs.org/tail
237 verbose request uri https://registry.npmjs.org/tail
238 verbose request no auth needed
239 info attempt registry request try #1 at 12:38:32 PM
240 verbose etag "34U7TEQ2B54U5V2CGM8CGXQEQ"
241 http request GET https://registry.npmjs.org/tail
242 verbose request uri https://registry.npmjs.org/shelljs
243 verbose request no auth needed
244 info attempt registry request try #1 at 12:38:32 PM
245 verbose etag "7SV2WFQCRAJ93KES8BCVQQ4BG"
246 http request GET https://registry.npmjs.org/shelljs
247 http 304 https://registry.npmjs.org/shelljs
248 verbose headers { date: 'Sun, 29 Nov 2015 17:38:33 GMT',
248 verbose headers   via: '1.1 varnish',
248 verbose headers   'cache-control': 'max-age=60',
248 verbose headers   etag: '"7SV2WFQCRAJ93KES8BCVQQ4BG"',
248 verbose headers   age: '12',
248 verbose headers   connection: 'keep-alive',
248 verbose headers   'x-served-by': 'cache-jfk1025-JFK',
248 verbose headers   'x-cache': 'HIT',
248 verbose headers   'x-cache-hits': '1',
248 verbose headers   'x-timer': 'S1448818713.140296,VS0,VE1',
248 verbose headers   vary: 'Accept' }
249 silly get cb [ 304,
249 silly get   { date: 'Sun, 29 Nov 2015 17:38:33 GMT',
249 silly get     via: '1.1 varnish',
249 silly get     'cache-control': 'max-age=60',
249 silly get     etag: '"7SV2WFQCRAJ93KES8BCVQQ4BG"',
249 silly get     age: '12',
249 silly get     connection: 'keep-alive',
249 silly get     'x-served-by': 'cache-jfk1025-JFK',
249 silly get     'x-cache': 'HIT',
249 silly get     'x-cache-hits': '1',
249 silly get     'x-timer': 'S1448818713.140296,VS0,VE1',
249 silly get     vary: 'Accept' } ]
250 verbose etag https://registry.npmjs.org/shelljs from cache
251 verbose get saving shelljs to /Users/sbastidasr/.npm/registry.npmjs.org/shelljs/.cache.json
252 http 304 https://registry.npmjs.org/tail
253 verbose headers { date: 'Sun, 29 Nov 2015 17:38:33 GMT',
253 verbose headers   via: '1.1 varnish',
253 verbose headers   'cache-control': 'max-age=60',
253 verbose headers   etag: '"34U7TEQ2B54U5V2CGM8CGXQEQ"',
253 verbose headers   age: '11',
253 verbose headers   connection: 'keep-alive',
253 verbose headers   'x-served-by': 'cache-jfk1035-JFK',
253 verbose headers   'x-cache': 'HIT',
253 verbose headers   'x-cache-hits': '1',
253 verbose headers   'x-timer': 'S1448818713.143490,VS0,VE0',
253 verbose headers   vary: 'Accept' }
254 silly get cb [ 304,
254 silly get   { date: 'Sun, 29 Nov 2015 17:38:33 GMT',
254 silly get     via: '1.1 varnish',
254 silly get     'cache-control': 'max-age=60',
254 silly get     etag: '"34U7TEQ2B54U5V2CGM8CGXQEQ"',
254 silly get     age: '11',
254 silly get     connection: 'keep-alive',
254 silly get     'x-served-by': 'cache-jfk1035-JFK',
254 silly get     'x-cache': 'HIT',
254 silly get     'x-cache-hits': '1',
254 silly get     'x-timer': 'S1448818713.143490,VS0,VE0',
254 silly get     vary: 'Accept' } ]
255 verbose etag https://registry.npmjs.org/tail from cache
256 verbose get saving tail to /Users/sbastidasr/.npm/registry.npmjs.org/tail/.cache.json
257 silly resolveWithNewModule tail@0.4.0 checking installable status
258 silly cache add args [ 'tail@^0.4.0', null ]
259 verbose cache add spec tail@^0.4.0
260 silly cache add parsed spec { raw: 'tail@^0.4.0',
260 silly cache add   scope: null,
260 silly cache add   name: 'tail',
260 silly cache add   rawSpec: '^0.4.0',
260 silly cache add   spec: '>=0.4.0 <0.5.0',
260 silly cache add   type: 'range' }
261 silly addNamed tail@>=0.4.0 <0.5.0
262 verbose addNamed ">=0.4.0 <0.5.0" is a valid semver range for tail
263 silly addNameRange { name: 'tail', range: '>=0.4.0 <0.5.0', hasData: false }
264 silly mapToRegistry name tail
265 silly mapToRegistry using default registry
266 silly mapToRegistry registry https://registry.npmjs.org/
267 silly mapToRegistry uri https://registry.npmjs.org/tail
268 verbose addNameRange registry:https://registry.npmjs.org/tail not in flight; fetching
269 silly resolveWithNewModule shelljs@0.2.6 checking installable status
270 silly cache add args [ 'shelljs@^0.2.6', null ]
271 verbose cache add spec shelljs@^0.2.6
272 silly cache add parsed spec { raw: 'shelljs@^0.2.6',
272 silly cache add   scope: null,
272 silly cache add   name: 'shelljs',
272 silly cache add   rawSpec: '^0.2.6',
272 silly cache add   spec: '>=0.2.6 <0.3.0',
272 silly cache add   type: 'range' }
273 silly addNamed shelljs@>=0.2.6 <0.3.0
274 verbose addNamed ">=0.2.6 <0.3.0" is a valid semver range for shelljs
275 silly addNameRange { name: 'shelljs', range: '>=0.2.6 <0.3.0', hasData: false }
276 silly mapToRegistry name shelljs
277 silly mapToRegistry using default registry
278 silly mapToRegistry registry https://registry.npmjs.org/
279 silly mapToRegistry uri https://registry.npmjs.org/shelljs
280 verbose addNameRange registry:https://registry.npmjs.org/shelljs not in flight; fetching
281 verbose get https://registry.npmjs.org/tail not expired, no request
282 silly addNameRange number 2 { name: 'tail', range: '>=0.4.0 <0.5.0', hasData: true }
283 silly addNameRange versions [ 'tail',
283 silly addNameRange   [ '0.0.3',
283 silly addNameRange     '0.0.4',
283 silly addNameRange     '0.1.0',
283 silly addNameRange     '0.1.1',
283 silly addNameRange     '0.1.2',
283 silly addNameRange     '0.2.0',
283 silly addNameRange     '0.2.1',
283 silly addNameRange     '0.2.2',
283 silly addNameRange     '0.2.3',
283 silly addNameRange     '0.2.4',
283 silly addNameRange     '0.3.0',
283 silly addNameRange     '0.3.1',
283 silly addNameRange     '0.3.2',
283 silly addNameRange     '0.3.5',
283 silly addNameRange     '0.3.6',
283 silly addNameRange     '0.3.7',
283 silly addNameRange     '0.3.8',
283 silly addNameRange     '0.3.9',
283 silly addNameRange     '0.4.0' ] ]
284 silly addNamed tail@0.4.0
285 verbose addNamed "0.4.0" is a plain semver version for tail
286 verbose get https://registry.npmjs.org/shelljs not expired, no request
287 silly addNameRange number 2 { name: 'shelljs', range: '>=0.2.6 <0.3.0', hasData: true }
288 silly addNameRange versions [ 'shelljs',
288 silly addNameRange   [ '0.0.1',
288 silly addNameRange     '0.0.2',
288 silly addNameRange     '0.0.3',
288 silly addNameRange     '0.0.4',
288 silly addNameRange     '0.0.5',
288 silly addNameRange     '0.0.6',
288 silly addNameRange     '0.0.7',
288 silly addNameRange     '0.0.8',
288 silly addNameRange     '0.0.9',
288 silly addNameRange     '0.1.0',
288 silly addNameRange     '0.1.1',
288 silly addNameRange     '0.1.2',
288 silly addNameRange     '0.1.3',
288 silly addNameRange     '0.1.4',
288 silly addNameRange     '0.2.0',
288 silly addNameRange     '0.2.1',
288 silly addNameRange     '0.2.2',
288 silly addNameRange     '0.2.3',
288 silly addNameRange     '0.2.4',
288 silly addNameRange     '0.2.5',
288 silly addNameRange     '0.2.6',
288 silly addNameRange     '0.3.0',
288 silly addNameRange     '0.4.0',
288 silly addNameRange     '0.5.0',
288 silly addNameRange     '0.5.1',
288 silly addNameRange     '0.5.2',
288 silly addNameRange     '0.5.3',
288 silly addNameRange     '0.0.1-alpha1',
288 silly addNameRange     '0.0.2-pre1',
288 silly addNameRange     '0.0.4-pre1',
288 silly addNameRange     '0.0.5-pre1',
288 silly addNameRange     '0.0.5-pre2',
288 silly addNameRange     '0.0.5-pre3',
288 silly addNameRange     '0.0.5-pre4',
288 silly addNameRange     '0.0.6-pre1',
288 silly addNameRange     '0.0.6-pre2' ] ]
289 silly addNamed shelljs@0.2.6
290 verbose addNamed "0.2.6" is a plain semver version for shelljs
291 silly cache afterAdd tail@0.4.0
292 verbose afterAdd /Users/sbastidasr/.npm/tail/0.4.0/package/package.json not in flight; writing
293 silly cache afterAdd shelljs@0.2.6
294 verbose afterAdd /Users/sbastidasr/.npm/shelljs/0.2.6/package/package.json not in flight; writing
295 verbose afterAdd /Users/sbastidasr/.npm/tail/0.4.0/package/package.json written
296 verbose afterAdd /Users/sbastidasr/.npm/shelljs/0.2.6/package/package.json written
297 silly loadAllDepsIntoIdealTree Finishing
298 silly idealTree:prePrune /usr/local/lib
298 silly idealTree:prePrune ├── ios-deploy@1.8.3
298 silly idealTree:prePrune └─┬ ios-sim@5.0.4
298 silly idealTree:prePrune   ├── abbrev@1.0.7
298 silly idealTree:prePrune   ├── bplist-parser@0.0.6
298 silly idealTree:prePrune   ├── nopt@1.0.9
298 silly idealTree:prePrune   ├── shelljs@0.2.6
298 silly idealTree:prePrune   ├── simctl@0.0.6
298 silly idealTree:prePrune   └── tail@0.4.0
299 silly loadIdealTree Finishing
300 silly currentTree /usr/local/lib
300 silly currentTree ├── ios-deploy@1.8.3
300 silly currentTree └─┬ ios-sim@5.0.4
300 silly currentTree   ├── abbrev@1.0.7
300 silly currentTree   ├── bplist-parser@0.0.6
300 silly currentTree   ├── nopt@1.0.9
300 silly currentTree   ├── shelljs@0.2.6
300 silly currentTree   ├── simctl@0.0.6
300 silly currentTree   └── tail@0.4.0
301 silly idealTree /usr/local/lib
301 silly idealTree ├── ios-deploy@1.8.3
301 silly idealTree └─┬ ios-sim@5.0.4
301 silly idealTree   ├── abbrev@1.0.7
301 silly idealTree   ├── bplist-parser@0.0.6
301 silly idealTree   ├── nopt@1.0.9
301 silly idealTree   ├── shelljs@0.2.6
301 silly idealTree   ├── simctl@0.0.6
301 silly idealTree   └── tail@0.4.0
302 silly generateActionsToTake Starting
303 silly install generateActionsToTake
304 silly generateActionsToTake Finishing
305 silly diffTrees action count 2
306 silly diffTrees update ios-deploy@1.8.3
307 silly diffTrees update ios-sim@5.0.4
308 silly decomposeActions action count 16
309 silly decomposeActions fetch ios-deploy@1.8.3
310 silly decomposeActions extract ios-deploy@1.8.3
311 silly decomposeActions preinstall ios-deploy@1.8.3
312 silly decomposeActions build ios-deploy@1.8.3
313 silly decomposeActions install ios-deploy@1.8.3
314 silly decomposeActions postinstall ios-deploy@1.8.3
315 silly decomposeActions test ios-deploy@1.8.3
316 silly decomposeActions finalize ios-deploy@1.8.3
317 silly decomposeActions fetch ios-sim@5.0.4
318 silly decomposeActions extract ios-sim@5.0.4
319 silly decomposeActions preinstall ios-sim@5.0.4
320 silly decomposeActions build ios-sim@5.0.4
321 silly decomposeActions install ios-sim@5.0.4
322 silly decomposeActions postinstall ios-sim@5.0.4
323 silly decomposeActions test ios-sim@5.0.4
324 silly decomposeActions finalize ios-sim@5.0.4
325 silly executeActions Starting
326 silly install executeActions
327 silly doSerial global-install 0
328 silly doParallel fetch 2
329 verbose lock using /Users/sbastidasr/.npm/_locks/staging-3a08f0df5026584d.lock for /usr/local/lib/node_modules/.staging
330 silly doParallel extract 2
331 silly extract ios-deploy
332 silly extract ios-sim
333 verbose unbuild lib/node_modules/.staging/ios-deploy-fbfd9f76b9a8909271fae167aab47715
334 verbose unbuild lib/node_modules/.staging/ios-sim-b97b01658b2a57c4a49cb2636801d585
335 silly gentlyRm /usr/local/lib/node_modules/.staging/ios-deploy-fbfd9f76b9a8909271fae167aab47715 is being purged from base /usr/local
336 verbose gentlyRm don't care about contents; nuking /usr/local/lib/node_modules/.staging/ios-deploy-fbfd9f76b9a8909271fae167aab47715
337 silly gentlyRm /usr/local/lib/node_modules/.staging/ios-sim-b97b01658b2a57c4a49cb2636801d585 is being purged from base /usr/local
338 verbose tar unpack /Users/sbastidasr/.npm/ios-deploy/1.8.3/package.tgz
339 verbose tar unpacking to /usr/local/lib/node_modules/.staging/ios-deploy-fbfd9f76b9a8909271fae167aab47715
340 silly gentlyRm /usr/local/lib/node_modules/.staging/ios-deploy-fbfd9f76b9a8909271fae167aab47715 is being purged
341 verbose gentlyRm don't care about contents; nuking /usr/local/lib/node_modules/.staging/ios-sim-b97b01658b2a57c4a49cb2636801d585
342 verbose gentlyRm don't care about contents; nuking /usr/local/lib/node_modules/.staging/ios-deploy-fbfd9f76b9a8909271fae167aab47715
343 verbose tar unpack /Users/sbastidasr/.npm/ios-sim/5.0.4/package.tgz
344 verbose tar unpacking to /usr/local/lib/node_modules/.staging/ios-sim-b97b01658b2a57c4a49cb2636801d585
345 silly gentlyRm /usr/local/lib/node_modules/.staging/ios-sim-b97b01658b2a57c4a49cb2636801d585 is being purged
346 silly gunzTarPerm modes [ '755', '644' ]
347 verbose gentlyRm don't care about contents; nuking /usr/local/lib/node_modules/.staging/ios-sim-b97b01658b2a57c4a49cb2636801d585
348 silly gunzTarPerm modes [ '755', '644' ]
349 silly gunzTarPerm extractEntry package.json
350 silly gunzTarPerm extractEntry package.json
351 silly gunzTarPerm extractEntry .npmignore
352 silly gunzTarPerm extractEntry README.md
353 silly gunzTarPerm extractEntry .npmignore
354 silly gunzTarPerm extractEntry README.md
355 silly gunzTarPerm extractEntry LICENSE
356 silly gunzTarPerm extractEntry ios-sim.js
357 silly gunzTarPerm extractEntry LICENSE
358 silly gunzTarPerm extractEntry CONTRIBUTING.md
359 silly gunzTarPerm extractEntry demo/.npmignore
360 silly gunzTarPerm extractEntry demo/Entitlements.plist
361 silly gunzTarPerm extractEntry doc/help.txt
362 silly gunzTarPerm extractEntry CONTRIBUTING.md
363 silly gunzTarPerm extractEntry resources/buildbox/build.sh
364 silly gunzTarPerm extractEntry bin/ios-sim
365 silly gunzTarPerm extractEntry demo/Info.plist
366 silly gunzTarPerm extractEntry demo/Makefile
367 silly gunzTarPerm extractEntry demo/ResourceRules.plist
368 silly gunzTarPerm extractEntry bin/ios-sim.cmd
369 silly gunzTarPerm extractEntry src/cli.js
370 silly gunzTarPerm extractEntry src/commands.js
371 silly gunzTarPerm extractEntry demo/demo.c
372 silly gunzTarPerm extractEntry ios-deploy.xcodeproj/project.pbxproj
373 silly gunzTarPerm extractEntry src/check_reqs.js
374 silly gunzTarPerm extractEntry src/MobileDevice.h
375 silly gunzTarPerm extractEntry src/help.js
376 silly gunzTarPerm extractEntry src/lib.js
377 silly gunzTarPerm extractEntry src/errors.h
378 silly gunzTarPerm extractEntry src/ios-deploy.c
379 silly doParallel preinstall 2
380 silly preinstall ios-deploy /usr/local/lib/node_modules/.staging/ios-deploy-fbfd9f76b9a8909271fae167aab47715
381 info lifecycle ios-deploy@1.8.3~preinstall: ios-deploy@1.8.3
382 silly preinstall ios-sim /usr/local/lib/node_modules/.staging/ios-sim-b97b01658b2a57c4a49cb2636801d585
383 info lifecycle ios-sim@5.0.4~preinstall: ios-sim@5.0.4
384 warn lifecycle ios-deploy@1.8.3~preinstall: cannot run in wd %s %s (wd=%s) ios-deploy@1.8.3 ./src/check_reqs.js && xcodebuild /usr/local/lib/node_modules/.staging/ios-deploy-fbfd9f76b9a8909271fae167aab47715
385 silly lifecycle ios-sim@5.0.4~preinstall: no script for preinstall, continuing
386 silly doReverseSerial remove 0
387 silly doSerial move 0
388 silly doSerial finalize 2
389 silly finalize /usr/local/lib/node_modules/ios-deploy
390 silly finalize /usr/local/lib/node_modules/ios-sim
391 silly doSerial build 2
392 silly build ios-deploy
393 info linkStuff ios-deploy@1.8.3
394 silly linkStuff ios-deploy@1.8.3 has /usr/local/lib/node_modules as its parent node_modules
395 silly linkStuff ios-deploy@1.8.3 is part of a global install
396 silly linkStuff ios-deploy@1.8.3 is installed into a global node_modules
397 silly linkStuff ios-deploy@1.8.3 is installed into the top-level global node_modules
398 verbose linkBins ios-deploy@1.8.3
399 verbose link bins [ { 'ios-deploy': './build/Release/ios-deploy' },
399 verbose link bins   '/usr/local/bin',
399 verbose link bins   true ]
400 verbose linkMans ios-deploy@1.8.3
401 verbose rebuildBundles ios-deploy@1.8.3
402 verbose unlock done using /Users/sbastidasr/.npm/_locks/staging-3a08f0df5026584d.lock for /usr/local/lib/node_modules/.staging
403 silly rollbackFailedOptional Starting
404 silly rollbackFailedOptional Finishing
405 silly runTopLevelLifecycles Starting
406 silly runTopLevelLifecycles Finishing
407 silly install printInstalled
408 verbose stack Error: ENOENT, chmod '/usr/local/lib/node_modules/ios-deploy/build/Release/ios-deploy'
408 verbose stack     at Error (native)
409 verbose cwd /Users/sbastidasr/Desktop/AP/AlertaParada
410 error Darwin 14.5.0
411 error argv "node" "/usr/local/bin/npm" "-g" "install" "ios-sim" "ios-deploy"
412 error node v0.12.7
413 error npm  v3.3.4
414 error path /usr/local/lib/node_modules/ios-deploy/build/Release/ios-deploy
415 error code ENOENT
416 error errno -2
417 error enoent ENOENT, chmod '/usr/local/lib/node_modules/ios-deploy/build/Release/ios-deploy'
417 error enoent This is most likely not a problem with npm itself
417 error enoent and is related to npm not being able to find a file.
418 verbose exit [ -2, true ]
